[debug] [2025-08-08T09:49:50.719Z] ----------------------------------------------------------------------
[debug] [2025-08-08T09:49:50.721Z] Command:       C:\Program Files\nodejs\node.exe C:\Users\alpho\AppData\Roaming\npm\node_modules\firebase-tools\lib\bin\firebase.js init hosting
[debug] [2025-08-08T09:49:50.721Z] CLI Version:   14.12.0
[debug] [2025-08-08T09:49:50.721Z] Platform:      win32
[debug] [2025-08-08T09:49:50.721Z] Node Version:  v22.16.0
[debug] [2025-08-08T09:49:50.722Z] Time:          Fri Aug 08 2025 15:19:50 GMT+0530 (India Standard Time)
[debug] [2025-08-08T09:49:50.722Z] ----------------------------------------------------------------------
[debug] 
[debug] [2025-08-08T09:49:50.726Z] > command requires scopes: ["email","openid","https://www.googleapis.com/auth/cloudplatformprojects.readonly","https://www.googleapis.com/auth/firebase","https://www.googleapis.com/auth/cloud-platform"]
[debug] [2025-08-08T09:49:50.726Z] > authorizing via signed-in user (alphonsajose145@gmail.com)
[info] 
     ######## #### ########  ######## ########     ###     ######  ########
     ##        ##  ##     ## ##       ##     ##  ##   ##  ##       ##
     ######    ##  ########  ######   ########  #########  ######  ######
     ##        ##  ##    ##  ##       ##     ## ##     ##       ## ##
     ##       #### ##     ## ######## ########  ##     ##  ######  ########

You're about to initialize a Firebase project in this directory:

  D:\Work Files\Workspace\Project 3\reference-generator-Firebase

[debug] [2025-08-08T09:50:32.579Z] ExitPromptError: User force closed the prompt with SIGINT
    at Interface.sigint (C:\Users\alpho\AppData\Roaming\npm\node_modules\firebase-tools\node_modules\@inquirer\core\dist\commonjs\lib\create-prompt.js:101:37)
    at Interface.emit (node:events:518:28)
    at Interface.emit (node:domain:489:12)
    at [_ttyWrite] [as _ttyWrite] (node:internal/readline/interface:1128:18)
    at ReadStream.onkeypress (node:internal/readline/interface:267:20)
    at ReadStream.emit (node:events:530:35)
    at ReadStream.emit (node:domain:489:12)
    at emitKeys (node:internal/readline/utils:370:14)
    at emitKeys.next (<anonymous>)
    at ReadStream.onData (node:internal/readline/emitKeypressEvents:64:36)
[error] 
[error] Error: An unexpected error has occurred.
